<?xml version="1.0" encoding="UTF-8"?>
<!-- Generated by org.testng.reporters.JUnitReportReporter -->
<testsuite hostname="MYSGEC241372D" name="testCase.Solution" tests="1" failures="0" timestamp="23 Apr 2018 11:52:22 GMT" time="27.014" errors="0">
  <testcase name="test" time="27.014" classname="testCase.Solution"/>
</testsuite> <!-- testCase.Solution -->
