<?xml version="1.0" encoding="UTF-8"?>
<!-- Generated by org.testng.reporters.JUnitReportReporter -->
<testsuite hostname="MYSGEC241372D" name="testCase.DepositScenario" tests="1" failures="0" timestamp="19 Apr 2018 12:55:55 GMT" time="28.072" errors="0">
  <testcase name="test1" time="28.072" classname="testCase.DepositScenario"/>
</testsuite> <!-- testCase.DepositScenario -->
