<?xml version="1.0" encoding="UTF-8"?>
<!-- Generated by org.testng.reporters.JUnitReportReporter -->
<testsuite hostname="MYSGEC241372D" name="test.java.testCases.newTestCase" tests="5" failures="0" timestamp="15 May 2018 06:37:51 GMT" time="11.533" errors="0">
  <testcase name="registerCustomer" time="2.285" classname="test.java.testCases.newTestCase"/>
  <testcase name="registerCustomer" time="2.130" classname="test.java.testCases.newTestCase"/>
  <testcase name="performLogin" time="1.353" classname="test.java.testCases.newTestCase"/>
  <testcase name="registerCustomer" time="4.383" classname="test.java.testCases.newTestCase"/>
  <testcase name="updatePhoneNumber" time="1.382" classname="test.java.testCases.newTestCase"/>
</testsuite> <!-- test.java.testCases.newTestCase -->
