<?xml version="1.0" encoding="UTF-8"?>
<!-- Generated by org.testng.reporters.JUnitReportReporter -->
<testsuite hostname="MYSGEC241372D" name="testCases.TestCase" tests="5" failures="0" timestamp="15 May 2018 06:22:46 GMT" time="14.724" errors="0">
  <testcase name="registerCustomer" time="2.761" classname="testCases.TestCase"/>
  <testcase name="registerCustomer" time="2.864" classname="testCases.TestCase"/>
  <testcase name="performLogin" time="1.654" classname="testCases.TestCase"/>
  <testcase name="registerCustomer" time="5.892" classname="testCases.TestCase"/>
  <testcase name="updatePhoneNumber" time="1.553" classname="testCases.TestCase"/>
</testsuite> <!-- testCases.TestCase -->
